[ 18:06:52 ] WARNING: CheckPrimes: non-FFT prime in smallPrimes
[ 18:06:52 ] WARNING: CheckPrimes: non-FFT prime in smallPrimes
[ 11:54:18 ] WARNING: CheckPrimes: non-FFT prime in smallPrimes
[ 11:54:18 ] WARNING: CheckPrimes: non-FFT prime in smallPrimes
[ 12:51:22 ] WARNING: CheckPrimes: non-FFT prime in smallPrimes
[ 12:51:22 ] WARNING: CheckPrimes: non-FFT prime in smallPrimes
[ 15:05:40 ] WARNING: KS-noise-ratio=49.309527
[ 15:05:40 ] WARNING: KS-noise-ratio=44.645601
[ 15:05:41 ] WARNING: KS-noise-ratio=5.257283
[ 15:09:21 ] WARNING: KS-noise-ratio=51.272924
[ 15:09:21 ] WARNING: KS-noise-ratio=45.461686
[ 15:09:22 ] WARNING: KS-noise-ratio=4.768935
[ 15:16:21 ] WARNING: KS-noise-ratio=45.273980
[ 15:16:21 ] WARNING: KS-noise-ratio=45.424929
[ 15:16:22 ] WARNING: KS-noise-ratio=4.758848
[ 15:30:35 ] WARNING: KS-noise-ratio=41.018969
[ 15:30:36 ] WARNING: KS-noise-ratio=43.072130
[ 15:30:36 ] WARNING: KS-noise-ratio=4.771701
[ 15:30:37 ] WARNING: KS-noise-ratio=7.044724
[ 15:30:37 ] WARNING: KS-noise-ratio=6.298469
[ 15:30:37 ] WARNING: KS-noise-ratio=4.828134
[ 15:30:39 ] WARNING: KS-noise-ratio=46.267248
[ 15:30:40 ] WARNING: KS-noise-ratio=5.800228
[ 15:30:41 ] WARNING: KS-noise-ratio=6.931602
[ 15:30:41 ] WARNING: KS-noise-ratio=6.724667
[ 15:30:41 ] WARNING: KS-noise-ratio=5.855761
[ 15:30:42 ] WARNING: KS-noise-ratio=39.397868
[ 15:30:44 ] WARNING: KS-noise-ratio=5.155734
[ 15:30:44 ] WARNING: KS-noise-ratio=6.364926
[ 15:30:44 ] WARNING: KS-noise-ratio=7.251597
[ 15:30:45 ] WARNING: KS-noise-ratio=5.597882
[ 15:30:46 ] WARNING: KS-noise-ratio=42.970601
[ 15:30:48 ] WARNING: KS-noise-ratio=44.097374
[ 15:30:48 ] WARNING: KS-noise-ratio=43.937744
[ 15:30:49 ] WARNING: KS-noise-ratio=4.176946
[ 15:30:50 ] WARNING: KS-noise-ratio=5.741640
[ 15:30:50 ] WARNING: KS-noise-ratio=6.015196
[ 15:30:50 ] WARNING: KS-noise-ratio=4.757966
[ 15:30:51 ] WARNING: KS-noise-ratio=46.846170
[ 15:30:53 ] WARNING: KS-noise-ratio=4.636831
[ 15:30:53 ] WARNING: KS-noise-ratio=6.151741
[ 15:30:53 ] WARNING: KS-noise-ratio=6.392893
[ 15:30:54 ] WARNING: KS-noise-ratio=5.021228
[ 15:30:55 ] WARNING: KS-noise-ratio=46.436984
[ 15:30:56 ] WARNING: KS-noise-ratio=5.084283
[ 15:30:57 ] WARNING: KS-noise-ratio=6.965783
[ 15:30:57 ] WARNING: KS-noise-ratio=6.591412
[ 15:30:57 ] WARNING: KS-noise-ratio=6.103274
[ 15:30:59 ] WARNING: KS-noise-ratio=54.204255
[ 15:33:50 ] WARNING: KS-noise-ratio=42.442465
[ 15:33:50 ] WARNING: KS-noise-ratio=43.969290
[ 15:33:51 ] WARNING: KS-noise-ratio=5.739762
[ 15:33:52 ] WARNING: KS-noise-ratio=7.214701
[ 15:33:52 ] WARNING: KS-noise-ratio=7.369683
[ 15:33:52 ] WARNING: KS-noise-ratio=6.176093
[ 15:33:54 ] WARNING: KS-noise-ratio=50.508808
[ 15:33:55 ] WARNING: KS-noise-ratio=5.577477
[ 15:33:56 ] WARNING: KS-noise-ratio=6.895847
[ 15:33:56 ] WARNING: KS-noise-ratio=5.616848
[ 15:33:56 ] WARNING: KS-noise-ratio=6.035785
[ 15:33:57 ] WARNING: KS-noise-ratio=49.022016
[ 15:33:59 ] WARNING: KS-noise-ratio=5.357281
[ 15:33:59 ] WARNING: KS-noise-ratio=6.407433
[ 15:33:59 ] WARNING: KS-noise-ratio=6.562983
[ 15:34:00 ] WARNING: KS-noise-ratio=6.117758
[ 15:34:01 ] WARNING: KS-noise-ratio=43.886066
[ 15:34:03 ] WARNING: KS-noise-ratio=43.820742
[ 15:34:03 ] WARNING: KS-noise-ratio=51.255958
[ 15:34:04 ] WARNING: KS-noise-ratio=5.771448
[ 15:34:04 ] WARNING: KS-noise-ratio=6.627629
[ 15:34:05 ] WARNING: KS-noise-ratio=7.561379
[ 15:34:05 ] WARNING: KS-noise-ratio=6.416789
[ 15:34:06 ] WARNING: KS-noise-ratio=47.365997
[ 15:34:08 ] WARNING: KS-noise-ratio=5.462883
[ 15:34:08 ] WARNING: KS-noise-ratio=6.751857
[ 15:34:08 ] WARNING: KS-noise-ratio=6.570996
[ 15:34:09 ] WARNING: KS-noise-ratio=6.062723
[ 15:34:10 ] WARNING: KS-noise-ratio=47.656120
[ 15:34:11 ] WARNING: KS-noise-ratio=5.618176
[ 15:34:12 ] WARNING: KS-noise-ratio=6.293945
[ 15:34:12 ] WARNING: KS-noise-ratio=6.341783
[ 15:34:12 ] WARNING: KS-noise-ratio=5.004565
[ 15:34:14 ] WARNING: KS-noise-ratio=40.598092
[ 15:37:36 ] WARNING: CheckPrimes: non-FFT prime in smallPrimes
[ 15:38:19 ] WARNING: KS-noise-ratio=57.635294
[ 15:38:19 ] WARNING: KS-noise-ratio=53.651765
[ 15:38:22 ] WARNING: KS-noise-ratio=56.931803
[ 15:38:24 ] WARNING: KS-noise-ratio=8.003600
[ 15:38:24 ] WARNING: KS-noise-ratio=56.132608
[ 15:38:28 ] WARNING: KS-noise-ratio=55.061077
[ 15:38:29 ] WARNING: KS-noise-ratio=7.813474
[ 15:38:30 ] WARNING: KS-noise-ratio=62.339442
[ 15:38:30 ] WARNING: KS-noise-ratio=54.176690
[ 15:38:34 ] WARNING: KS-noise-ratio=52.885560
[ 15:38:35 ] WARNING: KS-noise-ratio=7.130755
[ 15:38:35 ] WARNING: KS-noise-ratio=66.329253
[ 15:38:36 ] WARNING: KS-noise-ratio=57.915080
[ 15:38:37 ] WARNING: KS-noise-ratio=1.217939
[ 15:38:39 ] WARNING: KS-noise-ratio=54.617643
[ 15:38:39 ] WARNING: KS-noise-ratio=55.131863
[ 15:38:41 ] WARNING: KS-noise-ratio=1.011253
[ 15:38:42 ] WARNING: KS-noise-ratio=64.601179
[ 15:38:44 ] WARNING: KS-noise-ratio=7.573570
[ 15:38:44 ] WARNING: KS-noise-ratio=58.237240
[ 15:38:44 ] WARNING: KS-noise-ratio=62.548513
[ 15:38:48 ] WARNING: KS-noise-ratio=51.116069
[ 15:38:48 ] WARNING: KS-noise-ratio=64.883483
[ 15:38:49 ] WARNING: KS-noise-ratio=7.488328
[ 15:38:50 ] WARNING: KS-noise-ratio=62.794981
[ 15:38:53 ] WARNING: KS-noise-ratio=50.691057
[ 15:38:55 ] WARNING: KS-noise-ratio=7.733663
[ 15:38:55 ] WARNING: KS-noise-ratio=57.794923
[ 15:38:57 ] WARNING: KS-noise-ratio=1.040145
[ 16:18:01 ] WARNING: CheckPrimes: non-FFT prime in smallPrimes
[ 16:19:50 ] WARNING: KS-noise-ratio=52.271537
[ 16:19:50 ] WARNING: KS-noise-ratio=54.791883
[ 16:19:53 ] WARNING: KS-noise-ratio=1.027926
[ 16:19:53 ] WARNING: KS-noise-ratio=62.212594
[ 16:19:55 ] WARNING: KS-noise-ratio=7.582192
[ 16:19:55 ] WARNING: KS-noise-ratio=68.082502
[ 16:19:56 ] WARNING: KS-noise-ratio=62.463521
[ 16:19:59 ] WARNING: KS-noise-ratio=59.874856
[ 16:20:01 ] WARNING: KS-noise-ratio=7.578767
[ 16:20:05 ] WARNING: KS-noise-ratio=53.196788
[ 16:20:07 ] WARNING: KS-noise-ratio=8.914039
[ 16:20:09 ] WARNING: KS-noise-ratio=60.980832
[ 16:20:10 ] WARNING: KS-noise-ratio=58.099330
[ 16:20:10 ] WARNING: KS-noise-ratio=54.124474
[ 16:20:13 ] WARNING: KS-noise-ratio=49.847595
[ 16:20:15 ] WARNING: KS-noise-ratio=7.084005
[ 16:20:15 ] WARNING: KS-noise-ratio=58.762044
[ 16:20:16 ] WARNING: KS-noise-ratio=59.549022
[ 16:20:19 ] WARNING: KS-noise-ratio=61.160326
[ 16:20:21 ] WARNING: KS-noise-ratio=7.908448
[ 16:20:21 ] WARNING: KS-noise-ratio=65.641401
[ 16:20:21 ] WARNING: KS-noise-ratio=59.575963
[ 16:20:25 ] WARNING: KS-noise-ratio=59.024765
[ 16:20:26 ] WARNING: KS-noise-ratio=8.563016
[ 16:20:27 ] WARNING: KS-noise-ratio=59.474809
[ 16:20:27 ] WARNING: KS-noise-ratio=63.901075
[ 16:20:28 ] WARNING: KS-noise-ratio=1.238510
[ 18:30:31 ] WARNING: CheckPrimes: non-FFT prime in smallPrimes
[ 19:02:06 ] WARNING: CheckPrimes: non-FFT prime in smallPrimes
[ 19:18:03 ] WARNING: ctxtPrimeSize: non-optimal targetSize
[ 19:21:24 ] WARNING: ctxtPrimeSize: non-optimal targetSize
[ 18:11:02 ] WARNING: ctxtPrimeSize: non-optimal targetSize
[ 18:11:13 ] WARNING: ctxtPrimeSize: non-optimal targetSize
[ 18:18:07 ] WARNING: ctxtPrimeSize: non-optimal targetSize
[ 18:18:13 ] WARNING: ctxtPrimeSize: non-optimal targetSize
[ 18:20:20 ] WARNING: ctxtPrimeSize: non-optimal targetSize
[ 18:20:45 ] WARNING: ctxtPrimeSize: non-optimal targetSize
[ 18:22:46 ] WARNING: ctxtPrimeSize: non-optimal targetSize
[ 18:41:18 ] WARNING: ctxtPrimeSize: non-optimal targetSize
[ 18:42:39 ] WARNING: ctxtPrimeSize: non-optimal targetSize
[ 18:56:40 ] WARNING: ctxtPrimeSize: non-optimal targetSize
[ 18:58:01 ] WARNING: ctxtPrimeSize: non-optimal targetSize
[ 18:58:59 ] WARNING: ctxtPrimeSize: non-optimal targetSize
[ 20:09:16 ] WARNING: ctxtPrimeSize: non-optimal targetSize
[ 20:11:31 ] WARNING: ctxtPrimeSize: non-optimal targetSize
[ 20:20:27 ] WARNING: ctxtPrimeSize: non-optimal targetSize
[ 20:20:32 ] WARNING: ctxtPrimeSize: non-optimal targetSize
[ 20:21:42 ] WARNING: ctxtPrimeSize: non-optimal targetSize
[ 20:22:18 ] WARNING: ctxtPrimeSize: non-optimal targetSize
[ 20:23:50 ] WARNING: ctxtPrimeSize: non-optimal targetSize
[ 20:28:42 ] WARNING: ctxtPrimeSize: non-optimal targetSize
[ 20:34:50 ] WARNING: ctxtPrimeSize: non-optimal targetSize
[ 20:35:37 ] WARNING: ctxtPrimeSize: non-optimal targetSize
[ 20:36:50 ] WARNING: ctxtPrimeSize: non-optimal targetSize
[ 21:59:37 ] WARNING: ctxtPrimeSize: non-optimal targetSize
[ 22:35:19 ] WARNING: ctxtPrimeSize: non-optimal targetSize
[ 22:36:28 ] WARNING: ctxtPrimeSize: non-optimal targetSize
[ 22:40:45 ] WARNING: ctxtPrimeSize: non-optimal targetSize
[ 22:48:44 ] WARNING: ctxtPrimeSize: non-optimal targetSize
[ 22:50:02 ] WARNING: ctxtPrimeSize: non-optimal targetSize
[ 22:56:36 ] WARNING: ctxtPrimeSize: non-optimal targetSize
[ 22:58:23 ] WARNING: ctxtPrimeSize: non-optimal targetSize
[ 23:07:12 ] WARNING: ctxtPrimeSize: non-optimal targetSize
[ 23:07:13 ] WARNING: Ctxt::bringToSet called with capacity=-1.735260, likely decryption error
[ 23:07:13 ] WARNING: getSet4Size: no matching IndexSet found, likely decryption error
[ 23:07:13 ] WARNING: Ctxt::bringToSet called with capacity=-29.528305, likely decryption error
[ 23:07:13 ] WARNING: Ctxt::bringToSet called with capacity=-2.513478, likely decryption error
[ 23:07:13 ] WARNING: getSet4Size: no matching IndexSet found, likely decryption error
[ 23:07:13 ] WARNING: Ctxt::bringToSet called with capacity=-30.531477, likely decryption error
