\BOOKMARK [0][-]{chapter.1}{\376\377\0001\000\040\000H\000O\000W\000\040\000T\000O\000\040\000R\000U\000N}{}% 1
\BOOKMARK [0][-]{chapter.2}{\376\377\0002\000\040\000N\000a\000m\000e\000s\000p\000a\000c\000e\000\040\000I\000n\000d\000e\000x}{}% 2
\BOOKMARK [1][-]{section.2.1}{\376\377\0002\000.\0001\000\040\000N\000a\000m\000e\000s\000p\000a\000c\000e\000\040\000L\000i\000s\000t}{chapter.2}% 3
\BOOKMARK [0][-]{chapter.3}{\376\377\0003\000\040\000C\000l\000a\000s\000s\000\040\000I\000n\000d\000e\000x}{}% 4
\BOOKMARK [1][-]{section.3.1}{\376\377\0003\000.\0001\000\040\000C\000l\000a\000s\000s\000\040\000L\000i\000s\000t}{chapter.3}% 5
\BOOKMARK [0][-]{chapter.4}{\376\377\0004\000\040\000N\000a\000m\000e\000s\000p\000a\000c\000e\000\040\000D\000o\000c\000u\000m\000e\000n\000t\000a\000t\000i\000o\000n}{}% 6
\BOOKMARK [1][-]{section.4.1}{\376\377\0004\000.\0001\000\040\000H\000D\000B\000\137\000s\000u\000p\000e\000r\000g\000a\000t\000e\000\137\000\040\000N\000a\000m\000e\000s\000p\000a\000c\000e\000\040\000R\000e\000f\000e\000r\000e\000n\000c\000e}{chapter.4}% 7
\BOOKMARK [2][-]{subsection.4.1.1}{\376\377\0004\000.\0001\000.\0001\000\040\000D\000e\000t\000a\000i\000l\000e\000d\000\040\000D\000e\000s\000c\000r\000i\000p\000t\000i\000o\000n}{section.4.1}% 8
\BOOKMARK [2][-]{subsection.4.1.2}{\376\377\0004\000.\0001\000.\0002\000\040\000T\000y\000p\000e\000d\000e\000f\000\040\000D\000o\000c\000u\000m\000e\000n\000t\000a\000t\000i\000o\000n}{section.4.1}% 9
\BOOKMARK [3][-]{subsubsection.4.1.2.1}{\376\377\0004\000.\0001\000.\0002\000.\0001\000\040\000C\000t\000x\000t\000\137\000m\000a\000t}{subsection.4.1.2}% 10
\BOOKMARK [3][-]{subsubsection.4.1.2.2}{\376\377\0004\000.\0001\000.\0002\000.\0002\000\040\000C\000t\000x\000t\000\137\000v\000e\000c}{subsection.4.1.2}% 11
\BOOKMARK [2][-]{subsection.4.1.3}{\376\377\0004\000.\0001\000.\0003\000\040\000E\000n\000u\000m\000e\000r\000a\000t\000i\000o\000n\000\040\000T\000y\000p\000e\000\040\000D\000o\000c\000u\000m\000e\000n\000t\000a\000t\000i\000o\000n}{section.4.1}% 12
\BOOKMARK [3][-]{subsubsection.4.1.3.1}{\376\377\0004\000.\0001\000.\0003\000.\0001\000\040\000Q\000\137\000T\000Y\000P\000E\000\137\000t\000\040\000[\0001\000/\0002\000]}{subsection.4.1.3}% 13
\BOOKMARK [3][-]{subsubsection.4.1.3.2}{\376\377\0004\000.\0001\000.\0003\000.\0002\000\040\000Q\000\137\000T\000Y\000P\000E\000\137\000t\000\040\000[\0002\000/\0002\000]}{subsection.4.1.3}% 14
\BOOKMARK [2][-]{subsection.4.1.4}{\376\377\0004\000.\0001\000.\0004\000\040\000F\000u\000n\000c\000t\000i\000o\000n\000\040\000D\000o\000c\000u\000m\000e\000n\000t\000a\000t\000i\000o\000n}{section.4.1}% 15
\BOOKMARK [3][-]{subsubsection.4.1.4.1}{\376\377\0004\000.\0001\000.\0004\000.\0001\000\040\000M\000a\000k\000e\000B\000G\000V\000C\000o\000n\000t\000e\000x\000t\000\050\000\051}{subsection.4.1.4}% 16
\BOOKMARK [3][-]{subsubsection.4.1.4.2}{\376\377\0004\000.\0001\000.\0004\000.\0002\000\040\000M\000a\000k\000e\000B\000G\000V\000P\000a\000r\000a\000m\000\050\000\051}{subsection.4.1.4}% 17
\BOOKMARK [1][-]{section.4.2}{\376\377\0004\000.\0002\000\040\000H\000D\000B\000\137\000s\000u\000p\000e\000r\000g\000a\000t\000e\000\137\000s\000e\000r\000v\000e\000r\000\137\000\040\000N\000a\000m\000e\000s\000p\000a\000c\000e\000\040\000R\000e\000f\000e\000r\000e\000n\000c\000e}{chapter.4}% 18
\BOOKMARK [2][-]{subsection.4.2.1}{\376\377\0004\000.\0002\000.\0001\000\040\000D\000e\000t\000a\000i\000l\000e\000d\000\040\000D\000e\000s\000c\000r\000i\000p\000t\000i\000o\000n}{section.4.2}% 19
\BOOKMARK [1][-]{section.4.3}{\376\377\0004\000.\0003\000\040\000H\000D\000B\000\137\000s\000u\000p\000e\000r\000g\000a\000t\000e\000\137\000u\000s\000e\000r\000\137\000\040\000N\000a\000m\000e\000s\000p\000a\000c\000e\000\040\000R\000e\000f\000e\000r\000e\000n\000c\000e}{chapter.4}% 20
\BOOKMARK [2][-]{subsection.4.3.1}{\376\377\0004\000.\0003\000.\0001\000\040\000D\000e\000t\000a\000i\000l\000e\000d\000\040\000D\000e\000s\000c\000r\000i\000p\000t\000i\000o\000n}{section.4.3}% 21
\BOOKMARK [0][-]{chapter.5}{\376\377\0005\000\040\000C\000l\000a\000s\000s\000\040\000D\000o\000c\000u\000m\000e\000n\000t\000a\000t\000i\000o\000n}{}% 22
\BOOKMARK [1][-]{section.5.1}{\376\377\0005\000.\0001\000\040\000H\000D\000B\000\137\000s\000u\000p\000e\000r\000g\000a\000t\000e\000\137\000:\000:\000B\000G\000V\000\137\000p\000a\000r\000a\000m\000\040\000S\000t\000r\000u\000c\000t\000\040\000R\000e\000f\000e\000r\000e\000n\000c\000e}{chapter.5}% 23
\BOOKMARK [2][-]{subsection.5.1.1}{\376\377\0005\000.\0001\000.\0001\000\040\000D\000e\000t\000a\000i\000l\000e\000d\000\040\000D\000e\000s\000c\000r\000i\000p\000t\000i\000o\000n}{section.5.1}% 24
\BOOKMARK [1][-]{section.5.2}{\376\377\0005\000.\0002\000\040\000h\000e\000\137\000c\000m\000p\000:\000:\000C\000o\000m\000p\000a\000r\000a\000t\000o\000r\000\040\000C\000l\000a\000s\000s\000\040\000R\000e\000f\000e\000r\000e\000n\000c\000e}{chapter.5}% 25
\BOOKMARK [1][-]{section.5.3}{\376\377\0005\000.\0003\000\040\000H\000D\000B\000\137\000s\000u\000p\000e\000r\000g\000a\000t\000e\000\137\000:\000:\000C\000S\000V\000I\000t\000e\000r\000a\000t\000o\000r\000\040\000C\000l\000a\000s\000s\000\040\000R\000e\000f\000e\000r\000e\000n\000c\000e}{chapter.5}% 26
\BOOKMARK [1][-]{section.5.4}{\376\377\0005\000.\0004\000\040\000H\000D\000B\000\137\000s\000u\000p\000e\000r\000g\000a\000t\000e\000\137\000:\000:\000C\000S\000V\000R\000a\000n\000g\000e\000\040\000C\000l\000a\000s\000s\000\040\000R\000e\000f\000e\000r\000e\000n\000c\000e}{chapter.5}% 27
\BOOKMARK [1][-]{section.5.5}{\376\377\0005\000.\0005\000\040\000H\000D\000B\000\137\000s\000u\000p\000e\000r\000g\000a\000t\000e\000\137\000:\000:\000C\000S\000V\000R\000o\000w\000\040\000C\000l\000a\000s\000s\000\040\000R\000e\000f\000e\000r\000e\000n\000c\000e}{chapter.5}% 28
\BOOKMARK [1][-]{section.5.6}{\376\377\0005\000.\0006\000\040\000H\000D\000B\000\137\000s\000u\000p\000e\000r\000g\000a\000t\000e\000\137\000:\000:\000C\000t\000x\000t\000I\000n\000d\000e\000x\000\040\000C\000l\000a\000s\000s\000\040\000R\000e\000f\000e\000r\000e\000n\000c\000e}{chapter.5}% 29
\BOOKMARK [2][-]{subsection.5.6.1}{\376\377\0005\000.\0006\000.\0001\000\040\000D\000e\000t\000a\000i\000l\000e\000d\000\040\000D\000e\000s\000c\000r\000i\000p\000t\000i\000o\000n}{section.5.6}% 30
\BOOKMARK [2][-]{subsection.5.6.2}{\376\377\0005\000.\0006\000.\0002\000\040\000M\000e\000m\000b\000e\000r\000\040\000F\000u\000n\000c\000t\000i\000o\000n\000\040\000D\000o\000c\000u\000m\000e\000n\000t\000a\000t\000i\000o\000n}{section.5.6}% 31
\BOOKMARK [3][-]{subsubsection.5.6.2.1}{\376\377\0005\000.\0006\000.\0002\000.\0001\000\040\000g\000e\000t\000X\000\050\000\051\000\040\000[\0001\000/\0002\000]}{subsection.5.6.2}% 32
\BOOKMARK [3][-]{subsubsection.5.6.2.2}{\376\377\0005\000.\0006\000.\0002\000.\0002\000\040\000g\000e\000t\000X\000\050\000\051\000\040\000[\0002\000/\0002\000]}{subsection.5.6.2}% 33
\BOOKMARK [3][-]{subsubsection.5.6.2.3}{\376\377\0005\000.\0006\000.\0002\000.\0003\000\040\000g\000e\000t\000Y\000\050\000\051\000\040\000[\0001\000/\0002\000]}{subsection.5.6.2}% 34
\BOOKMARK [3][-]{subsubsection.5.6.2.4}{\376\377\0005\000.\0006\000.\0002\000.\0004\000\040\000g\000e\000t\000Y\000\050\000\051\000\040\000[\0002\000/\0002\000]}{subsection.5.6.2}% 35
\BOOKMARK [3][-]{subsubsection.5.6.2.5}{\376\377\0005\000.\0006\000.\0002\000.\0005\000\040\000k\000e\000y\000s\000\050\000\051\000\040\000[\0001\000/\0002\000]}{subsection.5.6.2}% 36
\BOOKMARK [3][-]{subsubsection.5.6.2.6}{\376\377\0005\000.\0006\000.\0002\000.\0006\000\040\000k\000e\000y\000s\000\050\000\051\000\040\000[\0002\000/\0002\000]}{subsection.5.6.2}% 37
\BOOKMARK [3][-]{subsubsection.5.6.2.7}{\376\377\0005\000.\0006\000.\0002\000.\0007\000\040\000u\000i\000d\000s\000\050\000\051\000\040\000[\0001\000/\0002\000]}{subsection.5.6.2}% 38
\BOOKMARK [3][-]{subsubsection.5.6.2.8}{\376\377\0005\000.\0006\000.\0002\000.\0008\000\040\000u\000i\000d\000s\000\050\000\051\000\040\000[\0002\000/\0002\000]}{subsection.5.6.2}% 39
\BOOKMARK [1][-]{section.5.7}{\376\377\0005\000.\0007\000\040\000H\000D\000B\000\137\000s\000u\000p\000e\000r\000g\000a\000t\000e\000\137\000:\000:\000C\000t\000x\000t\000I\000n\000d\000e\000x\000F\000i\000l\000e\000\040\000C\000l\000a\000s\000s\000\040\000R\000e\000f\000e\000r\000e\000n\000c\000e}{chapter.5}% 40
\BOOKMARK [2][-]{subsection.5.7.1}{\376\377\0005\000.\0007\000.\0001\000\040\000D\000e\000t\000a\000i\000l\000e\000d\000\040\000D\000e\000s\000c\000r\000i\000p\000t\000i\000o\000n}{section.5.7}% 41
\BOOKMARK [2][-]{subsection.5.7.2}{\376\377\0005\000.\0007\000.\0002\000\040\000M\000e\000m\000b\000e\000r\000\040\000F\000u\000n\000c\000t\000i\000o\000n\000\040\000D\000o\000c\000u\000m\000e\000n\000t\000a\000t\000i\000o\000n}{section.5.7}% 42
\BOOKMARK [3][-]{subsubsection.5.7.2.1}{\376\377\0005\000.\0007\000.\0002\000.\0001\000\040\000f\000i\000n\000d\000\050\000\051\000\040\000[\0001\000/\0004\000]}{subsection.5.7.2}% 43
\BOOKMARK [3][-]{subsubsection.5.7.2.2}{\376\377\0005\000.\0007\000.\0002\000.\0002\000\040\000f\000i\000n\000d\000\050\000\051\000\040\000[\0002\000/\0004\000]}{subsection.5.7.2}% 44
\BOOKMARK [3][-]{subsubsection.5.7.2.3}{\376\377\0005\000.\0007\000.\0002\000.\0003\000\040\000f\000i\000n\000d\000\050\000\051\000\040\000[\0003\000/\0004\000]}{subsection.5.7.2}% 45
\BOOKMARK [3][-]{subsubsection.5.7.2.4}{\376\377\0005\000.\0007\000.\0002\000.\0004\000\040\000f\000i\000n\000d\000\050\000\051\000\040\000[\0004\000/\0004\000]}{subsection.5.7.2}% 46
\BOOKMARK [3][-]{subsubsection.5.7.2.5}{\376\377\0005\000.\0007\000.\0002\000.\0005\000\040\000i\000n\000d\000e\000x\000O\000f\000\050\000\051\000\040\000[\0001\000/\0002\000]}{subsection.5.7.2}% 47
\BOOKMARK [3][-]{subsubsection.5.7.2.6}{\376\377\0005\000.\0007\000.\0002\000.\0006\000\040\000i\000n\000d\000e\000x\000O\000f\000\050\000\051\000\040\000[\0002\000/\0002\000]}{subsection.5.7.2}% 48
\BOOKMARK [3][-]{subsubsection.5.7.2.7}{\376\377\0005\000.\0007\000.\0002\000.\0007\000\040\000i\000n\000s\000e\000r\000t\000\050\000\051\000\040\000[\0001\000/\0002\000]}{subsection.5.7.2}% 49
\BOOKMARK [3][-]{subsubsection.5.7.2.8}{\376\377\0005\000.\0007\000.\0002\000.\0008\000\040\000i\000n\000s\000e\000r\000t\000\050\000\051\000\040\000[\0002\000/\0002\000]}{subsection.5.7.2}% 50
\BOOKMARK [1][-]{section.5.8}{\376\377\0005\000.\0008\000\040\000H\000D\000B\000\137\000s\000u\000p\000e\000r\000g\000a\000t\000e\000\137\000:\000:\000H\000E\000Q\000u\000e\000r\000y\000\040\000C\000l\000a\000s\000s\000\040\000R\000e\000f\000e\000r\000e\000n\000c\000e}{chapter.5}% 51
\BOOKMARK [2][-]{subsection.5.8.1}{\376\377\0005\000.\0008\000.\0001\000\040\000D\000e\000t\000a\000i\000l\000e\000d\000\040\000D\000e\000s\000c\000r\000i\000p\000t\000i\000o\000n}{section.5.8}% 52
\BOOKMARK [2][-]{subsection.5.8.2}{\376\377\0005\000.\0008\000.\0002\000\040\000C\000o\000n\000s\000t\000r\000u\000c\000t\000o\000r\000\040\000\046\000\040\000D\000e\000s\000t\000r\000u\000c\000t\000o\000r\000\040\000D\000o\000c\000u\000m\000e\000n\000t\000a\000t\000i\000o\000n}{section.5.8}% 53
\BOOKMARK [3][-]{subsubsection.5.8.2.1}{\376\377\0005\000.\0008\000.\0002\000.\0001\000\040\000H\000E\000Q\000u\000e\000r\000y\000\050\000\051\000\040\000[\0001\000/\0002\000]}{subsection.5.8.2}% 54
\BOOKMARK [3][-]{subsubsection.5.8.2.2}{\376\377\0005\000.\0008\000.\0002\000.\0002\000\040\000H\000E\000Q\000u\000e\000r\000y\000\050\000\051\000\040\000[\0002\000/\0002\000]}{subsection.5.8.2}% 55
\BOOKMARK [2][-]{subsection.5.8.3}{\376\377\0005\000.\0008\000.\0003\000\040\000M\000e\000m\000b\000e\000r\000\040\000D\000a\000t\000a\000\040\000D\000o\000c\000u\000m\000e\000n\000t\000a\000t\000i\000o\000n}{section.5.8}% 56
\BOOKMARK [3][-]{subsubsection.5.8.3.1}{\376\377\0005\000.\0008\000.\0003\000.\0001\000\040\000d\000e\000s\000t}{subsection.5.8.3}% 57
\BOOKMARK [3][-]{subsubsection.5.8.3.2}{\376\377\0005\000.\0008\000.\0003\000.\0002\000\040\000Q\000\137\000t\000y\000p\000e}{subsection.5.8.3}% 58
\BOOKMARK [3][-]{subsubsection.5.8.3.3}{\376\377\0005\000.\0008\000.\0003\000.\0003\000\040\000q\000u\000e\000r\000y}{subsection.5.8.3}% 59
\BOOKMARK [3][-]{subsubsection.5.8.3.4}{\376\377\0005\000.\0008\000.\0003\000.\0004\000\040\000s\000o\000u\000r\000c\000e}{subsection.5.8.3}% 60
\BOOKMARK [1][-]{section.5.9}{\376\377\0005\000.\0009\000\040\000H\000D\000B\000\137\000s\000u\000p\000e\000r\000g\000a\000t\000e\000\137\000:\000:\000P\000t\000x\000t\000I\000n\000d\000e\000x\000\040\000C\000l\000a\000s\000s\000\040\000R\000e\000f\000e\000r\000e\000n\000c\000e}{chapter.5}% 61
\BOOKMARK [2][-]{subsection.5.9.1}{\376\377\0005\000.\0009\000.\0001\000\040\000D\000e\000t\000a\000i\000l\000e\000d\000\040\000D\000e\000s\000c\000r\000i\000p\000t\000i\000o\000n}{section.5.9}% 62
\BOOKMARK [2][-]{subsection.5.9.2}{\376\377\0005\000.\0009\000.\0002\000\040\000M\000e\000m\000b\000e\000r\000\040\000F\000u\000n\000c\000t\000i\000o\000n\000\040\000D\000o\000c\000u\000m\000e\000n\000t\000a\000t\000i\000o\000n}{section.5.9}% 63
\BOOKMARK [3][-]{subsubsection.5.9.2.1}{\376\377\0005\000.\0009\000.\0002\000.\0001\000\040\000C\000\050\000\051\000\040\000[\0001\000/\0002\000]}{subsection.5.9.2}% 64
\BOOKMARK [3][-]{subsubsection.5.9.2.2}{\376\377\0005\000.\0009\000.\0002\000.\0002\000\040\000C\000\050\000\051\000\040\000[\0002\000/\0002\000]}{subsection.5.9.2}% 65
\BOOKMARK [3][-]{subsubsection.5.9.2.3}{\376\377\0005\000.\0009\000.\0002\000.\0003\000\040\000e\000m\000p\000t\000y\000\050\000\051\000\040\000[\0001\000/\0002\000]}{subsection.5.9.2}% 66
\BOOKMARK [3][-]{subsubsection.5.9.2.4}{\376\377\0005\000.\0009\000.\0002\000.\0004\000\040\000e\000m\000p\000t\000y\000\050\000\051\000\040\000[\0002\000/\0002\000]}{subsection.5.9.2}% 67
\BOOKMARK [3][-]{subsubsection.5.9.2.5}{\376\377\0005\000.\0009\000.\0002\000.\0005\000\040\000g\000e\000t\000K\000e\000y\000s\000\050\000\051\000\040\000[\0001\000/\0002\000]}{subsection.5.9.2}% 68
\BOOKMARK [3][-]{subsubsection.5.9.2.6}{\376\377\0005\000.\0009\000.\0002\000.\0006\000\040\000g\000e\000t\000K\000e\000y\000s\000\050\000\051\000\040\000[\0002\000/\0002\000]}{subsection.5.9.2}% 69
\BOOKMARK [3][-]{subsubsection.5.9.2.7}{\376\377\0005\000.\0009\000.\0002\000.\0007\000\040\000g\000e\000t\000S\000i\000z\000e\000\050\000\051\000\040\000[\0001\000/\0002\000]}{subsection.5.9.2}% 70
\BOOKMARK [3][-]{subsubsection.5.9.2.8}{\376\377\0005\000.\0009\000.\0002\000.\0008\000\040\000g\000e\000t\000S\000i\000z\000e\000\050\000\051\000\040\000[\0002\000/\0002\000]}{subsection.5.9.2}% 71
\BOOKMARK [3][-]{subsubsection.5.9.2.9}{\376\377\0005\000.\0009\000.\0002\000.\0009\000\040\000i\000n\000s\000e\000r\000t\000\050\000\051\000\040\000[\0001\000/\0002\000]}{subsection.5.9.2}% 72
\BOOKMARK [3][-]{subsubsection.5.9.2.10}{\376\377\0005\000.\0009\000.\0002\000.\0001\0000\000\040\000i\000n\000s\000e\000r\000t\000\050\000\051\000\040\000[\0002\000/\0002\000]}{subsection.5.9.2}% 73
\BOOKMARK [3][-]{subsubsection.5.9.2.11}{\376\377\0005\000.\0009\000.\0002\000.\0001\0001\000\040\000p\000o\000p\000B\000a\000c\000k\000\050\000\051\000\040\000[\0001\000/\0002\000]}{subsection.5.9.2}% 74
\BOOKMARK [3][-]{subsubsection.5.9.2.12}{\376\377\0005\000.\0009\000.\0002\000.\0001\0002\000\040\000p\000o\000p\000B\000a\000c\000k\000\050\000\051\000\040\000[\0002\000/\0002\000]}{subsection.5.9.2}% 75
\BOOKMARK [3][-]{subsubsection.5.9.2.13}{\376\377\0005\000.\0009\000.\0002\000.\0001\0003\000\040\000p\000r\000i\000n\000t\000I\000n\000d\000e\000x\000\050\000\051\000\040\000[\0001\000/\0002\000]}{subsection.5.9.2}% 76
\BOOKMARK [3][-]{subsubsection.5.9.2.14}{\376\377\0005\000.\0009\000.\0002\000.\0001\0004\000\040\000p\000r\000i\000n\000t\000I\000n\000d\000e\000x\000\050\000\051\000\040\000[\0002\000/\0002\000]}{subsection.5.9.2}% 77
\BOOKMARK [3][-]{subsubsection.5.9.2.15}{\376\377\0005\000.\0009\000.\0002\000.\0001\0005\000\040\000R\000\050\000\051\000\040\000[\0001\000/\0002\000]}{subsection.5.9.2}% 78
\BOOKMARK [3][-]{subsubsection.5.9.2.16}{\376\377\0005\000.\0009\000.\0002\000.\0001\0006\000\040\000R\000\050\000\051\000\040\000[\0002\000/\0002\000]}{subsection.5.9.2}% 79
\BOOKMARK [1][-]{section.5.10}{\376\377\0005\000.\0001\0000\000\040\000H\000D\000B\000\137\000s\000u\000p\000e\000r\000g\000a\000t\000e\000\137\000:\000:\000P\000t\000x\000t\000I\000n\000d\000e\000x\000F\000i\000l\000e\000\040\000C\000l\000a\000s\000s\000\040\000R\000e\000f\000e\000r\000e\000n\000c\000e}{chapter.5}% 80
\BOOKMARK [2][-]{subsection.5.10.1}{\376\377\0005\000.\0001\0000\000.\0001\000\040\000D\000e\000t\000a\000i\000l\000e\000d\000\040\000D\000e\000s\000c\000r\000i\000p\000t\000i\000o\000n}{section.5.10}% 81
\BOOKMARK [2][-]{subsection.5.10.2}{\376\377\0005\000.\0001\0000\000.\0002\000\040\000M\000e\000m\000b\000e\000r\000\040\000F\000u\000n\000c\000t\000i\000o\000n\000\040\000D\000o\000c\000u\000m\000e\000n\000t\000a\000t\000i\000o\000n}{section.5.10}% 82
\BOOKMARK [3][-]{subsubsection.5.10.2.1}{\376\377\0005\000.\0001\0000\000.\0002\000.\0001\000\040\000g\000e\000t\000I\000n\000d\000e\000x\000F\000i\000l\000e\000\050\000\051\000\040\000[\0001\000/\0002\000]}{subsection.5.10.2}% 83
\BOOKMARK [3][-]{subsubsection.5.10.2.2}{\376\377\0005\000.\0001\0000\000.\0002\000.\0002\000\040\000g\000e\000t\000I\000n\000d\000e\000x\000F\000i\000l\000e\000\050\000\051\000\040\000[\0002\000/\0002\000]}{subsection.5.10.2}% 84
\BOOKMARK [3][-]{subsubsection.5.10.2.3}{\376\377\0005\000.\0001\0000\000.\0002\000.\0003\000\040\000p\000r\000i\000n\000t\000I\000n\000d\000e\000x\000\050\000\051\000\040\000[\0001\000/\0002\000]}{subsection.5.10.2}% 85
\BOOKMARK [3][-]{subsubsection.5.10.2.4}{\376\377\0005\000.\0001\0000\000.\0002\000.\0004\000\040\000p\000r\000i\000n\000t\000I\000n\000d\000e\000x\000\050\000\051\000\040\000[\0002\000/\0002\000]}{subsection.5.10.2}% 86
\BOOKMARK [3][-]{subsubsection.5.10.2.5}{\376\377\0005\000.\0001\0000\000.\0002\000.\0005\000\040\000p\000r\000i\000n\000t\000I\000n\000d\000e\000x\000F\000i\000l\000e\000\050\000\051\000\040\000[\0001\000/\0002\000]}{subsection.5.10.2}% 87
\BOOKMARK [3][-]{subsubsection.5.10.2.6}{\376\377\0005\000.\0001\0000\000.\0002\000.\0006\000\040\000p\000r\000i\000n\000t\000I\000n\000d\000e\000x\000F\000i\000l\000e\000\050\000\051\000\040\000[\0002\000/\0002\000]}{subsection.5.10.2}% 88
\BOOKMARK [1][-]{section.5.11}{\376\377\0005\000.\0001\0001\000\040\000H\000D\000B\000\137\000s\000u\000p\000e\000r\000g\000a\000t\000e\000\137\000s\000e\000r\000v\000e\000r\000\137\000:\000:\000S\000E\000R\000V\000E\000R\000\040\000C\000l\000a\000s\000s\000\040\000R\000e\000f\000e\000r\000e\000n\000c\000e}{chapter.5}% 89
\BOOKMARK [2][-]{subsection.5.11.1}{\376\377\0005\000.\0001\0001\000.\0001\000\040\000D\000e\000t\000a\000i\000l\000e\000d\000\040\000D\000e\000s\000c\000r\000i\000p\000t\000i\000o\000n}{section.5.11}% 90
\BOOKMARK [2][-]{subsection.5.11.2}{\376\377\0005\000.\0001\0001\000.\0002\000\040\000C\000o\000n\000s\000t\000r\000u\000c\000t\000o\000r\000\040\000\046\000\040\000D\000e\000s\000t\000r\000u\000c\000t\000o\000r\000\040\000D\000o\000c\000u\000m\000e\000n\000t\000a\000t\000i\000o\000n}{section.5.11}% 91
\BOOKMARK [3][-]{subsubsection.5.11.2.1}{\376\377\0005\000.\0001\0001\000.\0002\000.\0001\000\040\000S\000E\000R\000V\000E\000R\000\050\000\051\000\040\000[\0001\000/\0002\000]}{subsection.5.11.2}% 92
\BOOKMARK [3][-]{subsubsection.5.11.2.2}{\376\377\0005\000.\0001\0001\000.\0002\000.\0002\000\040\000S\000E\000R\000V\000E\000R\000\050\000\051\000\040\000[\0002\000/\0002\000]}{subsection.5.11.2}% 93
\BOOKMARK [2][-]{subsection.5.11.3}{\376\377\0005\000.\0001\0001\000.\0003\000\040\000M\000e\000m\000b\000e\000r\000\040\000F\000u\000n\000c\000t\000i\000o\000n\000\040\000D\000o\000c\000u\000m\000e\000n\000t\000a\000t\000i\000o\000n}{section.5.11}% 94
\BOOKMARK [3][-]{subsubsection.5.11.3.1}{\376\377\0005\000.\0001\0001\000.\0003\000.\0001\000\040\000t\000e\000s\000t\000T\000S\000\050\000\051\000\040\000[\0001\000/\0002\000]}{subsection.5.11.3}% 95
\BOOKMARK [3][-]{subsubsection.5.11.3.2}{\376\377\0005\000.\0001\0001\000.\0003\000.\0002\000\040\000t\000e\000s\000t\000T\000S\000\050\000\051\000\040\000[\0002\000/\0002\000]}{subsection.5.11.3}% 96
\BOOKMARK [1][-]{section.5.12}{\376\377\0005\000.\0001\0002\000\040\000H\000D\000B\000\137\000s\000u\000p\000e\000r\000g\000a\000t\000e\000\137\000:\000:\000S\000T\000D\0001\0002\0008\000\137\000H\000D\000B\000\040\000S\000t\000r\000u\000c\000t\000\040\000R\000e\000f\000e\000r\000e\000n\000c\000e}{chapter.5}% 97
\BOOKMARK [1][-]{section.5.13}{\376\377\0005\000.\0001\0003\000\040\000H\000D\000B\000\137\000s\000u\000p\000e\000r\000g\000a\000t\000e\000\137\000:\000:\000T\000O\000Y\000\137\000H\000D\000B\000\040\000S\000t\000r\000u\000c\000t\000\040\000R\000e\000f\000e\000r\000e\000n\000c\000e}{chapter.5}% 98
\BOOKMARK [1][-]{section.5.14}{\376\377\0005\000.\0001\0004\000\040\000H\000D\000B\000\137\000s\000u\000p\000e\000r\000g\000a\000t\000e\000\137\000u\000s\000e\000r\000\137\000:\000:\000U\000S\000E\000R\000\040\000C\000l\000a\000s\000s\000\040\000R\000e\000f\000e\000r\000e\000n\000c\000e}{chapter.5}% 99
\BOOKMARK [0][-]{section*.23}{\376\377\000I\000n\000d\000e\000x}{}% 100
