Performing C SOURCE FILE Test CMAKE_HAVE_LIBC_PTHREAD failed with the following output:
Change Dir: /home/smhan/Documents/big3_searchable_hedb/build/CMakeFiles/CMakeScratch/TryCompile-K8UhSm

Run Build Command(s):/usr/bin/make -f Makefile cmTC_e7d3f/fast && /usr/bin/make  -f CMakeFiles/cmTC_e7d3f.dir/build.make CMakeFiles/cmTC_e7d3f.dir/build
make[1]: Entering directory '/home/smhan/Documents/big3_searchable_hedb/build/CMakeFiles/CMakeScratch/TryCompile-K8UhSm'
Building C object CMakeFiles/cmTC_e7d3f.dir/src.c.o
/usr/bin/cc -DCMAKE_HAVE_LIBC_PTHREAD  -Wall  -o CMakeFiles/cmTC_e7d3f.dir/src.c.o -c /home/smhan/Documents/big3_searchable_hedb/build/CMakeFiles/CMakeScratch/TryCompile-K8UhSm/src.c
Linking C executable cmTC_e7d3f
/usr/bin/cmake -E cmake_link_script CMakeFiles/cmTC_e7d3f.dir/link.txt --verbose=1
/usr/bin/cc -Wall  CMakeFiles/cmTC_e7d3f.dir/src.c.o -o cmTC_e7d3f 
CMakeFiles/cmTC_e7d3f.dir/src.c.o: In function `main':
src.c:(.text+0x3e): undefined reference to `pthread_create'
src.c:(.text+0x4a): undefined reference to `pthread_detach'
src.c:(.text+0x56): undefined reference to `pthread_cancel'
src.c:(.text+0x67): undefined reference to `pthread_join'
src.c:(.text+0x7b): undefined reference to `pthread_atfork'
collect2: error: ld returned 1 exit status
CMakeFiles/cmTC_e7d3f.dir/build.make:98: recipe for target 'cmTC_e7d3f' failed
make[1]: *** [cmTC_e7d3f] Error 1
make[1]: Leaving directory '/home/smhan/Documents/big3_searchable_hedb/build/CMakeFiles/CMakeScratch/TryCompile-K8UhSm'
Makefile:127: recipe for target 'cmTC_e7d3f/fast' failed
make: *** [cmTC_e7d3f/fast] Error 2


Source file was:
#include <pthread.h>

static void* test_func(void* data)
{
  return data;
}

int main(void)
{
  pthread_t thread;
  pthread_create(&thread, NULL, test_func, NULL);
  pthread_detach(thread);
  pthread_cancel(thread);
  pthread_join(thread, NULL);
  pthread_atfork(NULL, NULL, NULL);
  pthread_exit(NULL);

  return 0;
}


Determining if the function pthread_create exists in the pthreads failed with the following output:
Change Dir: /home/smhan/Documents/big3_searchable_hedb/build/CMakeFiles/CMakeScratch/TryCompile-KaQKFg

Run Build Command(s):/usr/bin/make -f Makefile cmTC_6da0d/fast && /usr/bin/make  -f CMakeFiles/cmTC_6da0d.dir/build.make CMakeFiles/cmTC_6da0d.dir/build
make[1]: Entering directory '/home/smhan/Documents/big3_searchable_hedb/build/CMakeFiles/CMakeScratch/TryCompile-KaQKFg'
Building C object CMakeFiles/cmTC_6da0d.dir/CheckFunctionExists.c.o
/usr/bin/cc   -Wall -DCHECK_FUNCTION_EXISTS=pthread_create -o CMakeFiles/cmTC_6da0d.dir/CheckFunctionExists.c.o -c /home/smhan/Documents/big3_searchable_hedb/build/CMakeFiles/CMakeScratch/TryCompile-KaQKFg/CheckFunctionExists.c
Linking C executable cmTC_6da0d
/usr/bin/cmake -E cmake_link_script CMakeFiles/cmTC_6da0d.dir/link.txt --verbose=1
/usr/bin/cc -Wall -DCHECK_FUNCTION_EXISTS=pthread_create CMakeFiles/cmTC_6da0d.dir/CheckFunctionExists.c.o -o cmTC_6da0d  -lpthreads 
/usr/bin/ld: cannot find -lpthreads
collect2: error: ld returned 1 exit status
CMakeFiles/cmTC_6da0d.dir/build.make:98: recipe for target 'cmTC_6da0d' failed
make[1]: *** [cmTC_6da0d] Error 1
make[1]: Leaving directory '/home/smhan/Documents/big3_searchable_hedb/build/CMakeFiles/CMakeScratch/TryCompile-KaQKFg'
Makefile:127: recipe for target 'cmTC_6da0d/fast' failed
make: *** [cmTC_6da0d/fast] Error 2



