Performing C SOURCE FILE Test CMAKE_HAVE_LIBC_PTHREAD failed with the following output:
Change Dir: /home/smhan/Documents/big3_searchable_hedb/HDB_comparison_library/build/CMakeFiles/CMakeScratch/TryCompile-Ry52rn

Run Build Command(s):/usr/bin/make -f Makefile cmTC_6f3a8/fast && /usr/bin/make  -f CMakeFiles/cmTC_6f3a8.dir/build.make CMakeFiles/cmTC_6f3a8.dir/build
make[1]: Entering directory '/home/smhan/Documents/big3_searchable_hedb/HDB_comparison_library/build/CMakeFiles/CMakeScratch/TryCompile-Ry52rn'
Building C object CMakeFiles/cmTC_6f3a8.dir/src.c.o
/usr/bin/cc -DCMAKE_HAVE_LIBC_PTHREAD  -Wall  -o CMakeFiles/cmTC_6f3a8.dir/src.c.o -c /home/smhan/Documents/big3_searchable_hedb/HDB_comparison_library/build/CMakeFiles/CMakeScratch/TryCompile-Ry52rn/src.c
Linking C executable cmTC_6f3a8
/usr/bin/cmake -E cmake_link_script CMakeFiles/cmTC_6f3a8.dir/link.txt --verbose=1
/usr/bin/cc -Wall  CMakeFiles/cmTC_6f3a8.dir/src.c.o -o cmTC_6f3a8 
CMakeFiles/cmTC_6f3a8.dir/src.c.o: In function `main':
src.c:(.text+0x3e): undefined reference to `pthread_create'
src.c:(.text+0x4a): undefined reference to `pthread_detach'
src.c:(.text+0x56): undefined reference to `pthread_cancel'
src.c:(.text+0x67): undefined reference to `pthread_join'
src.c:(.text+0x7b): undefined reference to `pthread_atfork'
collect2: error: ld returned 1 exit status
CMakeFiles/cmTC_6f3a8.dir/build.make:98: recipe for target 'cmTC_6f3a8' failed
make[1]: *** [cmTC_6f3a8] Error 1
make[1]: Leaving directory '/home/smhan/Documents/big3_searchable_hedb/HDB_comparison_library/build/CMakeFiles/CMakeScratch/TryCompile-Ry52rn'
Makefile:127: recipe for target 'cmTC_6f3a8/fast' failed
make: *** [cmTC_6f3a8/fast] Error 2


Source file was:
#include <pthread.h>

static void* test_func(void* data)
{
  return data;
}

int main(void)
{
  pthread_t thread;
  pthread_create(&thread, NULL, test_func, NULL);
  pthread_detach(thread);
  pthread_cancel(thread);
  pthread_join(thread, NULL);
  pthread_atfork(NULL, NULL, NULL);
  pthread_exit(NULL);

  return 0;
}


Determining if the function pthread_create exists in the pthreads failed with the following output:
Change Dir: /home/smhan/Documents/big3_searchable_hedb/HDB_comparison_library/build/CMakeFiles/CMakeScratch/TryCompile-rRlH6h

Run Build Command(s):/usr/bin/make -f Makefile cmTC_2a77f/fast && /usr/bin/make  -f CMakeFiles/cmTC_2a77f.dir/build.make CMakeFiles/cmTC_2a77f.dir/build
make[1]: Entering directory '/home/smhan/Documents/big3_searchable_hedb/HDB_comparison_library/build/CMakeFiles/CMakeScratch/TryCompile-rRlH6h'
Building C object CMakeFiles/cmTC_2a77f.dir/CheckFunctionExists.c.o
/usr/bin/cc   -Wall -DCHECK_FUNCTION_EXISTS=pthread_create -o CMakeFiles/cmTC_2a77f.dir/CheckFunctionExists.c.o -c /home/smhan/Documents/big3_searchable_hedb/HDB_comparison_library/build/CMakeFiles/CMakeScratch/TryCompile-rRlH6h/CheckFunctionExists.c
Linking C executable cmTC_2a77f
/usr/bin/cmake -E cmake_link_script CMakeFiles/cmTC_2a77f.dir/link.txt --verbose=1
/usr/bin/cc -Wall -DCHECK_FUNCTION_EXISTS=pthread_create CMakeFiles/cmTC_2a77f.dir/CheckFunctionExists.c.o -o cmTC_2a77f  -lpthreads 
/usr/bin/ld: cannot find -lpthreads
collect2: error: ld returned 1 exit status
CMakeFiles/cmTC_2a77f.dir/build.make:98: recipe for target 'cmTC_2a77f' failed
make[1]: *** [cmTC_2a77f] Error 1
make[1]: Leaving directory '/home/smhan/Documents/big3_searchable_hedb/HDB_comparison_library/build/CMakeFiles/CMakeScratch/TryCompile-rRlH6h'
Makefile:127: recipe for target 'cmTC_2a77f/fast' failed
make: *** [cmTC_2a77f/fast] Error 2



